2017-03-06 22:34:19 TRACE root:14 - Entry into display menu
2017-03-06 23:15:57 TRACE root:103 - NEW SERVICE CREATED FOR Y Y
2017-03-06 23:15:57 TRACE root:32 - NEW SERVICE CREATED
2017-03-06 23:23:23 TRACE root:103 - NEW SERVICE CREATED FOR G G
2017-03-06 23:24:02 TRACE root:206 - DEPOSIT FOR G GACCOUNT#: 0IN THE AMOUNT OF: 500.0CURRENT BALANCE: 500.0
2017-03-06 23:25:40 TRACE root:180 - DEPOSIT FOR G G ACCOUNT#: 0 IN THE AMOUNT OF: 1.0 CURRENT BALANCE: 499.0
2017-03-06 23:39:38 TRACE root:264 - LAST NAME CHANGE FOR J M to J
2017-03-06 23:40:28 TRACE root:252 - FIRST NAME CHANGE FOR J MINNER to JORDAN
2017-03-06 23:40:49 TRACE root:275 - EMAIL ADDRESS CHANGE FOR JORDAN MINNER to JORDAN@YAHOO.COM
2017-03-06 23:46:23 TRACE root:103 - NEW SERVICE CREATED FOR R R
2017-03-06 23:46:40 TRACE root:155 - NEW ACCOUNT CREATED FOR R RACCOUNT#: 62613228
2017-03-06 23:46:48 TRACE root:155 - NEW ACCOUNT CREATED FOR R RACCOUNT#: 83808410
2017-03-06 23:47:09 TRACE root:207 - DEPOSIT FOR R R ACCOUNT#: 83808410 IN THE AMOUNT OF: 5000.0 CURRENT BALANCE: 5000.0
2017-03-06 23:49:23 TRACE root:207 - DEPOSIT FOR MISTY MINNER ACCOUNT#: 0 IN THE AMOUNT OF: 10000.0 CURRENT BALANCE: 10000.0
2017-03-06 23:54:57 TRACE root:253 - FIRST NAME CHANGE FOR MISTY MINNER to MISTY
2017-03-06 23:55:05 TRACE root:265 - LAST NAME CHANGE FOR MISTY MINNER to MINNER
2017-03-06 23:55:21 TRACE root:276 - EMAIL ADDRESS CHANGE FOR MISTY MINNER to MISTYMINNER05@YAHOO.COM
2017-03-06 23:55:30 TRACE root:287 - PASSWORD CHANGE FOR MISTY MINNER to PASSWORD
2017-03-06 23:56:25 TRACE root:155 - NEW ACCOUNT CREATED FOR MISTY MINNERACCOUNT#: 58992887
2017-03-06 23:56:35 TRACE root:155 - NEW ACCOUNT CREATED FOR MISTY MINNERACCOUNT#: 51649251
2017-03-06 23:57:10 TRACE root:207 - DEPOSIT FOR MISTY MINNER ACCOUNT#: 51649251 IN THE AMOUNT OF: 3000.0 CURRENT BALANCE: 3000.0
2017-03-07 00:08:04 TRACE root:181 - WITHDRAW FOR B B ACCOUNT#: 0 IN THE AMOUNT OF: 10.0 CURRENT BALANCE: 990.0
2017-03-07 00:08:14 TRACE root:207 - DEPOSIT FOR B B ACCOUNT#: 0 IN THE AMOUNT OF: 11.0 CURRENT BALANCE: 1001.0
2017-03-07 00:08:23 TRACE root:181 - WITHDRAW FOR B B ACCOUNT#: 0 IN THE AMOUNT OF: 23.0 CURRENT BALANCE: 978.0
2017-03-07 18:11:32 TRACE root:105 - NEW SERVICE CREATED FOR E E
2017-03-07 18:14:41 TRACE root:209 - DEPOSIT FOR E E ACCOUNT#: 0 IN THE AMOUNT OF: 100.0 CURRENT BALANCE: 100.0
2017-03-07 18:14:52 TRACE root:183 - WITHDRAW FOR E E ACCOUNT#: 0 IN THE AMOUNT OF: 40.0 CURRENT BALANCE: 60.0
2017-03-07 18:15:20 TRACE root:255 - FIRST NAME CHANGE FOR E E to ETHAN
2017-03-07 18:15:29 TRACE root:267 - LAST NAME CHANGE FOR ETHAN E to EGAR
2017-03-07 18:15:41 TRACE root:278 - EMAIL ADDRESS CHANGE FOR ETHAN EGAR to TEST
2017-03-07 18:23:05 TRACE root:255 - FIRST NAME CHANGE FOR ETHAN EGAR to ETHAN
2017-03-07 18:30:16 TRACE root:105 - NEW SERVICE CREATED FOR R R
2017-03-07 18:35:15 TRACE root:158 - NEW ACCOUNT CREATED FOR B BACCOUNT#: 59950757
2017-03-07 19:32:38 TRACE root:105 - NEW SERVICE CREATED FOR W W
2017-03-07 19:32:57 TRACE root:158 - NEW ACCOUNT CREATED FOR W WACCOUNT#: 16009245
2017-03-07 19:33:08 TRACE root:158 - NEW ACCOUNT CREATED FOR W WACCOUNT#: 49256618
2017-03-07 19:33:48 TRACE root:210 - DEPOSIT FOR W W ACCOUNT#: 16009245 IN THE AMOUNT OF: 40000.0 CURRENT BALANCE: 40000.0
2017-03-07 19:49:20 TRACE root:158 - NEW ACCOUNT CREATED FOR B BACCOUNT#: 32348080
2017-03-07 19:50:12 TRACE root:105 - NEW SERVICE CREATED FOR V V
2017-03-07 19:50:19 TRACE root:157 - NEW ACCOUNT CREATED FOR V VACCOUNT#: 94243931
2017-03-07 19:50:24 TRACE root:157 - NEW ACCOUNT CREATED FOR V VACCOUNT#: 28781792
2017-03-07 19:50:44 TRACE root:210 - DEPOSIT FOR V V ACCOUNT#: 94243931 IN THE AMOUNT OF: 5000.0 CURRENT BALANCE: 5000.0
2017-03-07 20:00:18 TRACE root:105 - NEW SERVICE CREATED FOR A A
2017-03-07 20:00:51 TRACE root:157 - NEW ACCOUNT CREATED FOR A AACCOUNT#: 36616615
2017-03-07 20:02:06 TRACE root:157 - 
NEW ACCOUNT CREATED FOR A AACCOUNT#: 31477925
2017-03-07 20:04:32 TRACE root:105 - 
NEW SERVICE CREATED FOR X X
2017-03-07 20:05:44 TRACE root:106 - NEW SERVICE CREATED FOR Y Y

2017-03-07 20:06:25 TRACE root:106 - NEW SERVICE CREATED FOR Q Q

2017-03-07 20:07:07 TRACE root:106 - NEW SERVICE CREATED FOR C C
2017-03-07 20:07:17 TRACE root:159 - NEW ACCOUNT CREATED FOR C CACCOUNT#: 92246032

2017-03-07 20:32:23 TRACE root:106 - NEW SERVICE CREATED FOR P P
2017-03-07 20:32:41 TRACE root:159 - NEW ACCOUNT CREATED FOR P PACCOUNT#: 24977042

2017-03-07 20:34:05 TRACE root:158 - NEW ACCOUNT CREATED FOR P P ACCOUNT#: 77069600
2017-03-07 20:35:00 TRACE root:211 - DEPOSIT FOR P P ACCOUNT#: 24977042 IN THE AMOUNT OF: 400.0 CURRENT BALANCE: 400.0
2017-03-07 20:37:31 TRACE root:? - WITHDRAW FOR P P ACCOUNT#: 24977042 IN THE AMOUNT OF: 30.0 CURRENT BALANCE: 370.0
2017-03-07 20:40:25 TRACE root:260 - FIRST NAME CHANGE FOR P P to BOB
2017-03-07 20:41:54 TRACE root:? - LAST NAME CHANGE FOR BOB P to TEST
2017-03-07 20:42:34 TRACE root:? - EMAIL ADDRESS CHANGE FOR BOB TEST to TEST
2017-03-07 20:43:43 TRACE root:261 - FIRST NAME CHANGE FOR BOB TEST to TED
2017-03-07 22:20:30 TRACE root:164 - NEW SERVICE CREATED FOR KEITH MINNER
2017-03-07 22:27:34 TRACE root:164 - NEW SERVICE CREATED FOR KEITH MINNER
2017-03-07 22:28:43 TRACE root:164 - NEW SERVICE CREATED FOR H H
2017-03-07 22:59:25 TRACE root:164 - NEW SERVICE CREATED FOR K M
