2017-03-07 21:20:52 INFO  root:27 - IN MAIN
2017-03-07 21:20:52 INFO  root:32 - IN APP START
2017-03-07 21:20:52 WARN  root:35 - POSSIBLE DATABASE NOT FOUND ERROR
2017-03-07 21:20:52 INFO  root:40 - MAIN MENU CALLED
2017-03-07 21:20:52 INFO  root:50 - IN MAIN
2017-03-07 21:20:52 WARN  root:58 - SWITCH POTENTIALLY DOESN'T READ NEXT INT
2017-03-07 21:21:08 INFO  root:77 - IN CUSTOMER MENU
2017-03-07 21:21:25 WARN  root:58 - SWITCH POTENTIALLY DOESN'T READ NEXT INT
2017-03-07 21:21:42 WARN  root:58 - SWITCH POTENTIALLY DOESN'T READ NEXT INT
2017-03-08 09:33:19 INFO  root:23 - IN MAIN
2017-03-08 09:33:19 INFO  root:28 - IN APP START
2017-03-08 09:33:19 WARN  root:31 - POSSIBLE DATABASE NOT FOUND ERROR
2017-03-08 09:33:19 INFO  root:36 - MAIN MENU CALLED, SCANNER AND DATABASE PASSED AS PARAMS
2017-03-08 09:33:19 INFO  root:46 - IN MAIN
2017-03-08 09:33:19 WARN  root:48 - MAIN MENU MAY NEVER END
2017-03-08 09:33:19 WARN  root:55 - SWITCH POTENTIALLY DOESN'T READ NEXT INT
2017-03-08 09:33:30 WARN  root:58 - CUSTOMER MENU MAY NOT BE PASSED SCANNER AND DATABASE
2017-03-08 09:33:30 INFO  root:78 - IN CUSTOMER MENU
2017-03-08 09:33:30 WARN  root:82 - SWITCH POTENTIALLY DOESN'T READ NEXT INT
2017-03-08 09:33:33 WARN  root:87 - LOOP CONTINUES IF NOT VALID INPUT FOR USERNAME/PASS
2017-03-08 09:33:40 WARN  root:98 - CUSTOMERLOGINMENU MAY NEVER RUN
2017-03-08 09:33:40 WARN  root:190 - ARRAY LIST MAY NOT BE INSTANTIATED PROPERLY
2017-03-08 09:33:45 WARN  root:55 - SWITCH POTENTIALLY DOESN'T READ NEXT INT
2017-03-08 09:34:10 INFO  root:70 - ANY INPUT OTHER THAN VALID NUMBERS EXIT MENU
2017-03-08 09:34:10 INFO  root:40 - SAVING DATABASE
2017-03-08 09:36:36 INFO  root:23 - IN MAIN
2017-03-08 09:36:36 INFO  root:28 - IN APP START
2017-03-08 09:36:36 WARN  root:31 - POSSIBLE DATABASE NOT FOUND ERROR
2017-03-08 09:36:36 INFO  root:36 - MAIN MENU CALLED, SCANNER AND DATABASE PASSED AS PARAMS
2017-03-08 09:36:36 INFO  root:46 - IN MAIN
2017-03-08 09:36:36 WARN  root:48 - MAIN MENU MAY NEVER END
2017-03-08 09:36:36 WARN  root:55 - SWITCH POTENTIALLY DOESN'T READ NEXT INT
2017-03-08 09:36:40 WARN  root:58 - CUSTOMER MENU MAY NOT BE PASSED SCANNER AND DATABASE
2017-03-08 09:36:40 INFO  root:78 - IN CUSTOMER MENU
2017-03-08 09:36:40 WARN  root:82 - SWITCH POTENTIALLY DOESN'T READ NEXT INT
2017-03-08 09:36:42 WARN  root:131 - VALID USERNAME PROMPT MAY NEVER END
2017-03-08 09:36:45 WARN  root:153 - EMPTY MAY NEVER RUN
2017-03-08 09:36:46 WARN  root:168 - NULL CUSTOMER MAY BE PASSED INTO ADD CUSTOMER METHOD
2017-03-08 09:36:46 WARN  root:172 - SCANNER, CUSTOMER, DATABASE MAY NOT BE PROPERLY PASSED INTO ACCOUNT MENU
2017-03-08 09:36:46 WARN  root:253 - SWITCH POTENTIALLY DOESN'T READ NEXT INT
2017-03-08 09:36:52 WARN  root:262 - POTENTIAL NULL POINTER EXCEPTION
2017-03-08 09:36:52 WARN  root:55 - SWITCH POTENTIALLY DOESN'T READ NEXT INT
2017-03-08 09:37:08 WARN  root:58 - CUSTOMER MENU MAY NOT BE PASSED SCANNER AND DATABASE
2017-03-08 09:37:08 INFO  root:78 - IN CUSTOMER MENU
2017-03-08 09:37:08 WARN  root:82 - SWITCH POTENTIALLY DOESN'T READ NEXT INT
2017-03-08 09:37:10 WARN  root:87 - LOOP CONTINUES IF NOT VALID INPUT FOR USERNAME/PASS
2017-03-08 09:37:14 WARN  root:98 - CUSTOMERLOGINMENU MAY NEVER RUN
2017-03-08 09:37:14 WARN  root:190 - ARRAY LIST MAY NOT BE INSTANTIATED PROPERLY
2017-03-08 09:37:28 WARN  root:55 - SWITCH POTENTIALLY DOESN'T READ NEXT INT
2017-03-08 09:37:34 INFO  root:70 - ANY INPUT OTHER THAN VALID NUMBERS EXIT MENU
2017-03-08 09:37:34 INFO  root:40 - SAVING DATABASE
2017-03-08 09:39:04 INFO  root:23 - IN MAIN
2017-03-08 09:39:04 INFO  root:28 - IN APP START
2017-03-08 09:39:04 WARN  root:31 - POSSIBLE DATABASE NOT FOUND ERROR
2017-03-08 09:39:04 INFO  root:36 - MAIN MENU CALLED, SCANNER AND DATABASE PASSED AS PARAMS
2017-03-08 09:39:04 INFO  root:46 - IN MAIN
2017-03-08 09:39:04 WARN  root:48 - MAIN MENU MAY NEVER END
2017-03-08 09:39:04 WARN  root:55 - SWITCH POTENTIALLY DOESN'T READ NEXT INT
2017-03-08 09:39:06 WARN  root:58 - CUSTOMER MENU MAY NOT BE PASSED SCANNER AND DATABASE
2017-03-08 09:39:06 INFO  root:78 - IN CUSTOMER MENU
2017-03-08 09:39:06 WARN  root:82 - SWITCH POTENTIALLY DOESN'T READ NEXT INT
2017-03-08 09:39:07 WARN  root:131 - VALID USERNAME PROMPT MAY NEVER END
2017-03-08 09:39:09 ERROR root:138 - USER INPUT INVALID USERNAME
2017-03-08 09:39:19 WARN  root:153 - EMPTY MAY NEVER RUN
2017-03-08 09:39:22 WARN  root:168 - NULL CUSTOMER MAY BE PASSED INTO ADD CUSTOMER METHOD
2017-03-08 09:39:22 WARN  root:172 - SCANNER, CUSTOMER, DATABASE MAY NOT BE PROPERLY PASSED INTO ACCOUNT MENU
2017-03-08 09:39:22 WARN  root:253 - SWITCH POTENTIALLY DOESN'T READ NEXT INT
2017-03-08 09:39:26 WARN  root:275 - POTENTIAL NULL POINTER EXCEPTION
2017-03-08 09:39:26 WARN  root:55 - SWITCH POTENTIALLY DOESN'T READ NEXT INT
2017-03-08 09:39:31 WARN  root:62 - EMPLOYEE MENU MAY NOT BE PASSED SCANNER AND DATABASE
2017-03-08 09:39:31 WARN  root:291 - SWITCH POTENTIALLY DOESN'T READ NEXT INT
2017-03-08 09:48:12 INFO  root:23 - IN MAIN
2017-03-08 09:48:12 INFO  root:28 - IN APP START
2017-03-08 09:48:12 WARN  root:31 - POSSIBLE DATABASE NOT FOUND ERROR
2017-03-08 09:48:12 INFO  root:36 - MAIN MENU CALLED, SCANNER AND DATABASE PASSED AS PARAMS
2017-03-08 09:48:12 INFO  root:46 - IN MAIN
2017-03-08 09:48:12 WARN  root:48 - MAIN MENU MAY NEVER END
2017-03-08 09:48:12 WARN  root:55 - SWITCH POTENTIALLY DOESN'T READ NEXT INT
2017-03-08 09:48:14 WARN  root:58 - CUSTOMER MENU MAY NOT BE PASSED SCANNER AND DATABASE
2017-03-08 09:48:14 INFO  root:78 - IN CUSTOMER MENU
2017-03-08 09:48:14 WARN  root:82 - SWITCH POTENTIALLY DOESN'T READ NEXT INT
2017-03-08 09:48:21 WARN  root:131 - VALID USERNAME PROMPT MAY NEVER END
2017-03-08 09:48:26 ERROR root:138 - USER INPUT INVALID USERNAME
2017-03-08 09:48:37 WARN  root:153 - EMPTY MAY NEVER RUN
2017-03-08 09:48:38 WARN  root:168 - NULL CUSTOMER MAY BE PASSED INTO ADD CUSTOMER METHOD
2017-03-08 09:48:38 WARN  root:172 - SCANNER, CUSTOMER, DATABASE MAY NOT BE PROPERLY PASSED INTO ACCOUNT MENU
2017-03-08 09:48:38 WARN  root:253 - SWITCH POTENTIALLY DOESN'T READ NEXT INT
2017-03-08 09:48:41 WARN  root:275 - POTENTIAL NULL POINTER EXCEPTION
2017-03-08 09:48:41 WARN  root:55 - SWITCH POTENTIALLY DOESN'T READ NEXT INT
2017-03-08 09:48:45 WARN  root:58 - CUSTOMER MENU MAY NOT BE PASSED SCANNER AND DATABASE
2017-03-08 09:48:45 INFO  root:78 - IN CUSTOMER MENU
2017-03-08 09:48:45 WARN  root:82 - SWITCH POTENTIALLY DOESN'T READ NEXT INT
2017-03-08 09:48:46 WARN  root:87 - LOOP CONTINUES IF NOT VALID INPUT FOR USERNAME/PASS
2017-03-08 09:48:50 WARN  root:98 - CUSTOMERLOGINMENU MAY NEVER RUN
2017-03-08 09:48:50 WARN  root:190 - ARRAY LIST MAY NOT BE INSTANTIATED PROPERLY
2017-03-08 09:48:53 WARN  root:55 - SWITCH POTENTIALLY DOESN'T READ NEXT INT
2017-03-08 09:53:04 INFO  root:70 - ANY INPUT OTHER THAN VALID NUMBERS EXIT MENU
2017-03-08 09:53:04 INFO  root:40 - SAVING DATABASE
2017-03-08 09:56:29 INFO  root:23 - IN MAIN
2017-03-08 09:56:29 INFO  root:28 - IN APP START
2017-03-08 09:56:29 WARN  root:31 - POSSIBLE DATABASE NOT FOUND ERROR
2017-03-08 09:56:29 INFO  root:36 - MAIN MENU CALLED, SCANNER AND DATABASE PASSED AS PARAMS
2017-03-08 09:56:29 INFO  root:46 - IN MAIN
2017-03-08 09:56:29 WARN  root:48 - MAIN MENU MAY NEVER END
2017-03-08 09:56:29 WARN  root:55 - SWITCH POTENTIALLY DOESN'T READ NEXT INT
2017-03-08 09:56:32 WARN  root:58 - CUSTOMER MENU MAY NOT BE PASSED SCANNER AND DATABASE
2017-03-08 09:56:32 INFO  root:78 - IN CUSTOMER MENU
2017-03-08 09:56:32 WARN  root:82 - SWITCH POTENTIALLY DOESN'T READ NEXT INT
2017-03-08 09:56:33 WARN  root:131 - VALID USERNAME PROMPT MAY NEVER END
2017-03-08 09:56:38 WARN  root:153 - EMPTY MAY NEVER RUN
2017-03-08 09:56:41 WARN  root:168 - NULL CUSTOMER MAY BE PASSED INTO ADD CUSTOMER METHOD
2017-03-08 09:56:41 WARN  root:172 - SCANNER, CUSTOMER, DATABASE MAY NOT BE PROPERLY PASSED INTO ACCOUNT MENU
2017-03-08 09:56:41 WARN  root:253 - SWITCH POTENTIALLY DOESN'T READ NEXT INT
2017-03-08 09:56:43 WARN  root:275 - POTENTIAL NULL POINTER EXCEPTION
2017-03-08 09:56:43 WARN  root:55 - SWITCH POTENTIALLY DOESN'T READ NEXT INT
2017-03-08 09:56:48 WARN  root:58 - CUSTOMER MENU MAY NOT BE PASSED SCANNER AND DATABASE
2017-03-08 09:56:48 INFO  root:78 - IN CUSTOMER MENU
2017-03-08 09:56:48 WARN  root:82 - SWITCH POTENTIALLY DOESN'T READ NEXT INT
2017-03-08 09:56:49 WARN  root:87 - LOOP CONTINUES IF NOT VALID INPUT FOR USERNAME/PASS
2017-03-08 09:56:56 WARN  root:98 - CUSTOMERLOGINMENU MAY NEVER RUN
2017-03-08 09:56:56 WARN  root:190 - ARRAY LIST MAY NOT BE INSTANTIATED PROPERLY
2017-03-08 09:56:57 WARN  root:55 - SWITCH POTENTIALLY DOESN'T READ NEXT INT
2017-03-08 09:57:01 INFO  root:70 - ANY INPUT OTHER THAN VALID NUMBERS EXIT MENU
2017-03-08 09:57:01 INFO  root:40 - SAVING DATABASE
2017-03-08 09:58:47 INFO  root:23 - IN MAIN
2017-03-08 09:58:47 INFO  root:28 - IN APP START
2017-03-08 09:58:47 WARN  root:31 - POSSIBLE DATABASE NOT FOUND ERROR
2017-03-08 09:58:47 INFO  root:36 - MAIN MENU CALLED, SCANNER AND DATABASE PASSED AS PARAMS
2017-03-08 09:58:47 INFO  root:46 - IN MAIN
2017-03-08 09:58:47 WARN  root:48 - MAIN MENU MAY NEVER END
2017-03-08 09:58:47 WARN  root:55 - SWITCH POTENTIALLY DOESN'T READ NEXT INT
2017-03-08 09:58:51 WARN  root:62 - EMPLOYEE MENU MAY NOT BE PASSED SCANNER AND DATABASE
2017-03-08 09:58:51 WARN  root:291 - SWITCH POTENTIALLY DOESN'T READ NEXT INT
2017-03-08 09:58:52 WARN  root:334 - MAY RUN CONTINUALLY
2017-03-08 09:59:03 INFO  root:376 - ANY INPUT OTHER THAN VALID NUMBERS EXIT MENU
2017-03-08 09:59:03 WARN  root:55 - SWITCH POTENTIALLY DOESN'T READ NEXT INT
2017-03-08 09:59:05 WARN  root:58 - CUSTOMER MENU MAY NOT BE PASSED SCANNER AND DATABASE
2017-03-08 09:59:05 INFO  root:78 - IN CUSTOMER MENU
2017-03-08 09:59:05 WARN  root:82 - SWITCH POTENTIALLY DOESN'T READ NEXT INT
2017-03-08 09:59:06 WARN  root:87 - LOOP CONTINUES IF NOT VALID INPUT FOR USERNAME/PASS
2017-03-08 09:59:10 WARN  root:98 - CUSTOMERLOGINMENU MAY NEVER RUN
2017-03-08 09:59:10 ERROR root:106 - INPUT NOT MATCH IN DATABASE
2017-03-08 10:01:04 WARN  root:117 - BREAK MIGHT NOT BREAK TO LOGIN MENU AS INTENDED
2017-03-08 10:01:04 INFO  root:118 - ANY INPUT OTHER THAN VALID NUMBERS EXIT MENU
2017-03-08 10:01:04 WARN  root:55 - SWITCH POTENTIALLY DOESN'T READ NEXT INT
2017-03-08 10:01:05 WARN  root:58 - CUSTOMER MENU MAY NOT BE PASSED SCANNER AND DATABASE
2017-03-08 10:01:05 INFO  root:78 - IN CUSTOMER MENU
2017-03-08 10:01:05 WARN  root:82 - SWITCH POTENTIALLY DOESN'T READ NEXT INT
2017-03-08 10:01:06 WARN  root:131 - VALID USERNAME PROMPT MAY NEVER END
2017-03-08 10:01:10 WARN  root:153 - EMPTY MAY NEVER RUN
2017-03-08 10:01:12 WARN  root:168 - NULL CUSTOMER MAY BE PASSED INTO ADD CUSTOMER METHOD
2017-03-08 10:01:12 WARN  root:172 - SCANNER, CUSTOMER, DATABASE MAY NOT BE PROPERLY PASSED INTO ACCOUNT MENU
2017-03-08 10:01:12 WARN  root:253 - SWITCH POTENTIALLY DOESN'T READ NEXT INT
2017-03-08 10:01:16 WARN  root:262 - POTENTIAL NULL POINTER EXCEPTION
2017-03-08 10:01:16 WARN  root:55 - SWITCH POTENTIALLY DOESN'T READ NEXT INT
2017-03-08 10:02:11 WARN  root:62 - EMPLOYEE MENU MAY NOT BE PASSED SCANNER AND DATABASE
2017-03-08 10:02:11 WARN  root:291 - SWITCH POTENTIALLY DOESN'T READ NEXT INT
2017-03-08 10:02:12 INFO  root:376 - ANY INPUT OTHER THAN VALID NUMBERS EXIT MENU
2017-03-08 10:02:12 WARN  root:55 - SWITCH POTENTIALLY DOESN'T READ NEXT INT
2017-03-08 10:02:13 WARN  root:58 - CUSTOMER MENU MAY NOT BE PASSED SCANNER AND DATABASE
2017-03-08 10:02:13 INFO  root:78 - IN CUSTOMER MENU
2017-03-08 10:02:13 WARN  root:82 - SWITCH POTENTIALLY DOESN'T READ NEXT INT
2017-03-08 10:02:14 WARN  root:87 - LOOP CONTINUES IF NOT VALID INPUT FOR USERNAME/PASS
2017-03-08 10:02:18 WARN  root:98 - CUSTOMERLOGINMENU MAY NEVER RUN
2017-03-08 10:02:19 WARN  root:190 - ARRAY LIST MAY NOT BE INSTANTIATED PROPERLY
2017-03-08 10:02:19 WARN  root:55 - SWITCH POTENTIALLY DOESN'T READ NEXT INT
2017-03-08 10:02:25 WARN  root:66 - ADMIN MENU MAY NOT BE PASSED SCANNER AND DATABASE
2017-03-08 10:02:29 INFO  root:453 - INPUT Admin AS USERNAME AND 1234 AS PASSWORD
2017-03-08 10:02:37 WARN  root:55 - SWITCH POTENTIALLY DOESN'T READ NEXT INT
2017-03-08 10:02:41 INFO  root:70 - ANY INPUT OTHER THAN VALID NUMBERS EXIT MENU
2017-03-08 10:02:41 INFO  root:40 - SAVING DATABASE
2017-03-08 10:06:57 INFO  root:23 - IN MAIN
2017-03-08 10:06:57 INFO  root:28 - IN APP START
2017-03-08 10:06:57 WARN  root:31 - POSSIBLE DATABASE NOT FOUND ERROR
2017-03-08 10:06:57 INFO  root:36 - MAIN MENU CALLED, SCANNER AND DATABASE PASSED AS PARAMS
2017-03-08 10:06:57 INFO  root:46 - IN MAIN
2017-03-08 10:06:57 WARN  root:48 - MAIN MENU MAY NEVER END
2017-03-08 10:06:58 WARN  root:55 - SWITCH POTENTIALLY DOESN'T READ NEXT INT
2017-03-08 10:07:02 WARN  root:58 - CUSTOMER MENU MAY NOT BE PASSED SCANNER AND DATABASE
2017-03-08 10:07:02 INFO  root:78 - IN CUSTOMER MENU
2017-03-08 10:07:02 WARN  root:82 - SWITCH POTENTIALLY DOESN'T READ NEXT INT
2017-03-08 10:07:03 WARN  root:131 - VALID USERNAME PROMPT MAY NEVER END
2017-03-08 10:07:10 WARN  root:153 - EMPTY MAY NEVER RUN
2017-03-08 10:07:12 WARN  root:168 - NULL CUSTOMER MAY BE PASSED INTO ADD CUSTOMER METHOD
2017-03-08 10:07:12 WARN  root:172 - SCANNER, CUSTOMER, DATABASE MAY NOT BE PROPERLY PASSED INTO ACCOUNT MENU
2017-03-08 10:07:12 WARN  root:253 - SWITCH POTENTIALLY DOESN'T READ NEXT INT
2017-03-08 10:07:13 WARN  root:262 - POTENTIAL NULL POINTER EXCEPTION
2017-03-08 10:07:13 WARN  root:55 - SWITCH POTENTIALLY DOESN'T READ NEXT INT
2017-03-08 10:07:14 WARN  root:58 - CUSTOMER MENU MAY NOT BE PASSED SCANNER AND DATABASE
2017-03-08 10:07:14 INFO  root:78 - IN CUSTOMER MENU
2017-03-08 10:07:14 WARN  root:82 - SWITCH POTENTIALLY DOESN'T READ NEXT INT
2017-03-08 10:07:16 WARN  root:131 - VALID USERNAME PROMPT MAY NEVER END
2017-03-08 10:07:20 WARN  root:153 - EMPTY MAY NEVER RUN
2017-03-08 10:07:21 WARN  root:168 - NULL CUSTOMER MAY BE PASSED INTO ADD CUSTOMER METHOD
2017-03-08 10:07:21 WARN  root:172 - SCANNER, CUSTOMER, DATABASE MAY NOT BE PROPERLY PASSED INTO ACCOUNT MENU
2017-03-08 10:07:21 WARN  root:253 - SWITCH POTENTIALLY DOESN'T READ NEXT INT
2017-03-08 10:07:23 WARN  root:275 - POTENTIAL NULL POINTER EXCEPTION
2017-03-08 10:07:23 WARN  root:55 - SWITCH POTENTIALLY DOESN'T READ NEXT INT
2017-03-08 10:07:24 INFO  root:70 - ANY INPUT OTHER THAN VALID NUMBERS EXIT MENU
2017-03-08 10:07:24 INFO  root:40 - SAVING DATABASE
2017-03-08 10:09:32 INFO  root:23 - IN MAIN
2017-03-08 10:09:32 INFO  root:28 - IN APP START
2017-03-08 10:09:32 WARN  root:31 - POSSIBLE DATABASE NOT FOUND ERROR
2017-03-08 10:09:32 INFO  root:36 - MAIN MENU CALLED, SCANNER AND DATABASE PASSED AS PARAMS
2017-03-08 10:09:32 INFO  root:46 - IN MAIN
2017-03-08 10:09:32 WARN  root:48 - MAIN MENU MAY NEVER END
2017-03-08 10:09:32 WARN  root:55 - SWITCH POTENTIALLY DOESN'T READ NEXT INT
2017-03-08 10:09:37 WARN  root:58 - CUSTOMER MENU MAY NOT BE PASSED SCANNER AND DATABASE
2017-03-08 10:09:37 INFO  root:78 - IN CUSTOMER MENU
2017-03-08 10:09:37 WARN  root:82 - SWITCH POTENTIALLY DOESN'T READ NEXT INT
2017-03-08 10:09:38 WARN  root:132 - VALID USERNAME PROMPT MAY NEVER END
2017-03-08 10:09:42 WARN  root:154 - EMPTY MAY NEVER RUN
2017-03-08 10:09:43 WARN  root:169 - NULL CUSTOMER MAY BE PASSED INTO ADD CUSTOMER METHOD
2017-03-08 10:09:43 WARN  root:173 - SCANNER, CUSTOMER, DATABASE MAY NOT BE PROPERLY PASSED INTO ACCOUNT MENU
2017-03-08 10:09:43 WARN  root:254 - SWITCH POTENTIALLY DOESN'T READ NEXT INT
2017-03-08 10:09:44 WARN  root:263 - POTENTIAL NULL POINTER EXCEPTION
2017-03-08 10:09:44 WARN  root:55 - SWITCH POTENTIALLY DOESN'T READ NEXT INT
2017-03-08 10:09:49 WARN  root:58 - CUSTOMER MENU MAY NOT BE PASSED SCANNER AND DATABASE
2017-03-08 10:09:49 INFO  root:78 - IN CUSTOMER MENU
2017-03-08 10:09:49 WARN  root:82 - SWITCH POTENTIALLY DOESN'T READ NEXT INT
2017-03-08 10:09:52 WARN  root:132 - VALID USERNAME PROMPT MAY NEVER END
2017-03-08 10:09:55 WARN  root:154 - EMPTY MAY NEVER RUN
2017-03-08 10:09:58 WARN  root:169 - NULL CUSTOMER MAY BE PASSED INTO ADD CUSTOMER METHOD
2017-03-08 10:09:58 WARN  root:173 - SCANNER, CUSTOMER, DATABASE MAY NOT BE PROPERLY PASSED INTO ACCOUNT MENU
2017-03-08 10:09:58 WARN  root:254 - SWITCH POTENTIALLY DOESN'T READ NEXT INT
2017-03-08 10:10:01 WARN  root:276 - POTENTIAL NULL POINTER EXCEPTION
2017-03-08 10:10:01 WARN  root:55 - SWITCH POTENTIALLY DOESN'T READ NEXT INT
2017-03-08 10:10:02 INFO  root:70 - ANY INPUT OTHER THAN VALID NUMBERS EXIT MENU
2017-03-08 10:10:02 INFO  root:40 - SAVING DATABASE
2017-03-08 10:12:56 INFO  root:23 - IN MAIN
2017-03-08 10:12:56 INFO  root:28 - IN APP START
2017-03-08 10:12:56 WARN  root:31 - POSSIBLE DATABASE NOT FOUND ERROR
2017-03-08 10:12:56 INFO  root:36 - MAIN MENU CALLED, SCANNER AND DATABASE PASSED AS PARAMS
2017-03-08 10:12:56 INFO  root:46 - IN MAIN
2017-03-08 10:12:56 WARN  root:48 - MAIN MENU MAY NEVER END
2017-03-08 10:12:56 WARN  root:55 - SWITCH POTENTIALLY DOESN'T READ NEXT INT
2017-03-08 10:13:01 WARN  root:58 - CUSTOMER MENU MAY NOT BE PASSED SCANNER AND DATABASE
2017-03-08 10:13:01 INFO  root:78 - IN CUSTOMER MENU
2017-03-08 10:13:01 WARN  root:82 - SWITCH POTENTIALLY DOESN'T READ NEXT INT
2017-03-08 10:13:02 WARN  root:134 - VALID USERNAME PROMPT MAY NEVER END
2017-03-08 10:13:06 WARN  root:156 - EMPTY MAY NEVER RUN
2017-03-08 10:13:08 WARN  root:171 - NULL CUSTOMER MAY BE PASSED INTO ADD CUSTOMER METHOD
2017-03-08 10:13:08 WARN  root:175 - SCANNER, CUSTOMER, DATABASE MAY NOT BE PROPERLY PASSED INTO ACCOUNT MENU
2017-03-08 10:13:08 WARN  root:256 - SWITCH POTENTIALLY DOESN'T READ NEXT INT
2017-03-08 10:13:10 WARN  root:265 - POTENTIAL NULL POINTER EXCEPTION
2017-03-08 10:13:10 WARN  root:55 - SWITCH POTENTIALLY DOESN'T READ NEXT INT
2017-03-08 10:13:14 WARN  root:58 - CUSTOMER MENU MAY NOT BE PASSED SCANNER AND DATABASE
2017-03-08 10:13:14 INFO  root:78 - IN CUSTOMER MENU
2017-03-08 10:13:14 WARN  root:82 - SWITCH POTENTIALLY DOESN'T READ NEXT INT
2017-03-08 10:13:14 WARN  root:134 - VALID USERNAME PROMPT MAY NEVER END
2017-03-08 10:13:16 WARN  root:156 - EMPTY MAY NEVER RUN
2017-03-08 10:13:18 WARN  root:171 - NULL CUSTOMER MAY BE PASSED INTO ADD CUSTOMER METHOD
2017-03-08 10:13:18 WARN  root:175 - SCANNER, CUSTOMER, DATABASE MAY NOT BE PROPERLY PASSED INTO ACCOUNT MENU
2017-03-08 10:13:18 WARN  root:256 - SWITCH POTENTIALLY DOESN'T READ NEXT INT
2017-03-08 10:13:20 WARN  root:278 - POTENTIAL NULL POINTER EXCEPTION
2017-03-08 10:13:20 WARN  root:55 - SWITCH POTENTIALLY DOESN'T READ NEXT INT
2017-03-08 10:13:22 INFO  root:70 - ANY INPUT OTHER THAN VALID NUMBERS EXIT MENU
2017-03-08 10:13:22 INFO  root:40 - SAVING DATABASE
2017-03-08 10:17:59 INFO  root:23 - IN MAIN
2017-03-08 10:17:59 INFO  root:28 - IN APP START
2017-03-08 10:17:59 WARN  root:31 - POSSIBLE DATABASE NOT FOUND ERROR
2017-03-08 10:17:59 INFO  root:36 - MAIN MENU CALLED, SCANNER AND DATABASE PASSED AS PARAMS
2017-03-08 10:17:59 INFO  root:46 - IN MAIN
2017-03-08 10:17:59 WARN  root:48 - MAIN MENU MAY NEVER END
2017-03-08 10:17:59 WARN  root:55 - SWITCH POTENTIALLY DOESN'T READ NEXT INT
2017-03-08 10:18:04 WARN  root:58 - CUSTOMER MENU MAY NOT BE PASSED SCANNER AND DATABASE
2017-03-08 10:18:04 INFO  root:78 - IN CUSTOMER MENU
2017-03-08 10:18:04 WARN  root:82 - SWITCH POTENTIALLY DOESN'T READ NEXT INT
2017-03-08 10:18:05 WARN  root:133 - VALID USERNAME PROMPT MAY NEVER END
2017-03-08 10:18:08 WARN  root:155 - EMPTY MAY NEVER RUN
2017-03-08 10:18:09 WARN  root:170 - NULL CUSTOMER MAY BE PASSED INTO ADD CUSTOMER METHOD
2017-03-08 10:18:09 WARN  root:174 - SCANNER, CUSTOMER, DATABASE MAY NOT BE PROPERLY PASSED INTO ACCOUNT MENU
2017-03-08 10:18:09 WARN  root:254 - SWITCH POTENTIALLY DOESN'T READ NEXT INT
2017-03-08 10:18:11 WARN  root:263 - POTENTIAL NULL POINTER EXCEPTION
2017-03-08 10:18:11 WARN  root:55 - SWITCH POTENTIALLY DOESN'T READ NEXT INT
2017-03-08 10:18:12 INFO  root:70 - ANY INPUT OTHER THAN VALID NUMBERS EXIT MENU
2017-03-08 10:18:12 INFO  root:40 - SAVING DATABASE
2017-03-08 10:51:52 INFO  root:23 - IN MAIN
2017-03-08 10:51:52 INFO  root:28 - IN APP START
2017-03-08 10:51:52 WARN  root:31 - POSSIBLE DATABASE NOT FOUND ERROR
2017-03-08 10:51:52 INFO  root:36 - MAIN MENU CALLED, SCANNER AND DATABASE PASSED AS PARAMS
2017-03-08 10:51:52 INFO  root:46 - IN MAIN
2017-03-08 10:51:52 WARN  root:48 - MAIN MENU MAY NEVER END
2017-03-08 10:51:52 WARN  root:55 - SWITCH POTENTIALLY DOESN'T READ NEXT INT
2017-03-08 10:52:01 WARN  root:62 - EMPLOYEE MENU MAY NOT BE PASSED SCANNER AND DATABASE
2017-03-08 10:52:01 WARN  root:292 - SWITCH POTENTIALLY DOESN'T READ NEXT INT
2017-03-08 10:52:02 WARN  root:335 - MAY RUN CONTINUALLY
2017-03-08 10:52:11 INFO  root:377 - ANY INPUT OTHER THAN VALID NUMBERS EXIT MENU
2017-03-08 10:52:11 WARN  root:55 - SWITCH POTENTIALLY DOESN'T READ NEXT INT
2017-03-08 10:52:16 INFO  root:70 - ANY INPUT OTHER THAN VALID NUMBERS EXIT MENU
2017-03-08 10:52:16 INFO  root:40 - SAVING DATABASE
2017-03-08 10:53:37 INFO  root:23 - IN MAIN
2017-03-08 10:53:37 INFO  root:28 - IN APP START
2017-03-08 10:53:37 WARN  root:31 - POSSIBLE DATABASE NOT FOUND ERROR
2017-03-08 10:53:37 INFO  root:36 - MAIN MENU CALLED, SCANNER AND DATABASE PASSED AS PARAMS
2017-03-08 10:53:37 INFO  root:46 - IN MAIN
2017-03-08 10:53:37 WARN  root:48 - MAIN MENU MAY NEVER END
2017-03-08 10:53:37 WARN  root:55 - SWITCH POTENTIALLY DOESN'T READ NEXT INT
2017-03-08 10:53:43 WARN  root:62 - EMPLOYEE MENU MAY NOT BE PASSED SCANNER AND DATABASE
2017-03-08 10:53:43 WARN  root:292 - SWITCH POTENTIALLY DOESN'T READ NEXT INT
2017-03-08 10:53:44 WARN  root:335 - MAY RUN CONTINUALLY
2017-03-08 10:53:52 WARN  root:55 - SWITCH POTENTIALLY DOESN'T READ NEXT INT
2017-03-08 10:53:53 INFO  root:70 - ANY INPUT OTHER THAN VALID NUMBERS EXIT MENU
2017-03-08 10:53:53 INFO  root:40 - SAVING DATABASE
2017-03-08 10:54:53 INFO  root:23 - IN MAIN
2017-03-08 10:54:53 INFO  root:28 - IN APP START
2017-03-08 10:54:53 WARN  root:31 - POSSIBLE DATABASE NOT FOUND ERROR
2017-03-08 10:54:53 INFO  root:36 - MAIN MENU CALLED, SCANNER AND DATABASE PASSED AS PARAMS
2017-03-08 10:54:53 INFO  root:46 - IN MAIN
2017-03-08 10:54:53 WARN  root:48 - MAIN MENU MAY NEVER END
2017-03-08 10:54:53 WARN  root:55 - SWITCH POTENTIALLY DOESN'T READ NEXT INT
2017-03-08 10:54:58 INFO  root:70 - ANY INPUT OTHER THAN VALID NUMBERS EXIT MENU
2017-03-08 10:54:58 INFO  root:40 - SAVING DATABASE
