2017-03-06 22:34:19 TRACE root:14 - Entry into display menu
2017-03-06 23:15:57 TRACE root:103 - NEW SERVICE CREATED FOR Y Y
2017-03-06 23:15:57 TRACE root:32 - NEW SERVICE CREATED
2017-03-06 23:23:23 TRACE root:103 - NEW SERVICE CREATED FOR G G
2017-03-06 23:24:02 TRACE root:206 - DEPOSIT FOR G GACCOUNT#: 0IN THE AMOUNT OF: 500.0CURRENT BALANCE: 500.0
2017-03-06 23:25:40 TRACE root:180 - DEPOSIT FOR G G ACCOUNT#: 0 IN THE AMOUNT OF: 1.0 CURRENT BALANCE: 499.0
2017-03-06 23:39:38 TRACE root:264 - LAST NAME CHANGE FOR J M to J
2017-03-06 23:40:28 TRACE root:252 - FIRST NAME CHANGE FOR J MINNER to JORDAN
2017-03-06 23:40:49 TRACE root:275 - EMAIL ADDRESS CHANGE FOR JORDAN MINNER to JORDAN@YAHOO.COM
2017-03-06 23:46:23 TRACE root:103 - NEW SERVICE CREATED FOR R R
2017-03-06 23:46:40 TRACE root:155 - NEW ACCOUNT CREATED FOR R RACCOUNT#: 62613228
2017-03-06 23:46:48 TRACE root:155 - NEW ACCOUNT CREATED FOR R RACCOUNT#: 83808410
2017-03-06 23:47:09 TRACE root:207 - DEPOSIT FOR R R ACCOUNT#: 83808410 IN THE AMOUNT OF: 5000.0 CURRENT BALANCE: 5000.0
2017-03-06 23:49:23 TRACE root:207 - DEPOSIT FOR MISTY MINNER ACCOUNT#: 0 IN THE AMOUNT OF: 10000.0 CURRENT BALANCE: 10000.0
2017-03-06 23:54:57 TRACE root:253 - FIRST NAME CHANGE FOR MISTY MINNER to MISTY
2017-03-06 23:55:05 TRACE root:265 - LAST NAME CHANGE FOR MISTY MINNER to MINNER
2017-03-06 23:55:21 TRACE root:276 - EMAIL ADDRESS CHANGE FOR MISTY MINNER to MISTYMINNER05@YAHOO.COM
2017-03-06 23:55:30 TRACE root:287 - PASSWORD CHANGE FOR MISTY MINNER to PASSWORD
2017-03-06 23:56:25 TRACE root:155 - NEW ACCOUNT CREATED FOR MISTY MINNERACCOUNT#: 58992887
2017-03-06 23:56:35 TRACE root:155 - NEW ACCOUNT CREATED FOR MISTY MINNERACCOUNT#: 51649251
2017-03-06 23:57:10 TRACE root:207 - DEPOSIT FOR MISTY MINNER ACCOUNT#: 51649251 IN THE AMOUNT OF: 3000.0 CURRENT BALANCE: 3000.0
2017-03-07 00:08:04 TRACE root:181 - WITHDRAW FOR B B ACCOUNT#: 0 IN THE AMOUNT OF: 10.0 CURRENT BALANCE: 990.0
2017-03-07 00:08:14 TRACE root:207 - DEPOSIT FOR B B ACCOUNT#: 0 IN THE AMOUNT OF: 11.0 CURRENT BALANCE: 1001.0
2017-03-07 00:08:23 TRACE root:181 - WITHDRAW FOR B B ACCOUNT#: 0 IN THE AMOUNT OF: 23.0 CURRENT BALANCE: 978.0
2017-03-07 18:11:32 TRACE root:105 - NEW SERVICE CREATED FOR E E
2017-03-07 18:14:41 TRACE root:209 - DEPOSIT FOR E E ACCOUNT#: 0 IN THE AMOUNT OF: 100.0 CURRENT BALANCE: 100.0
2017-03-07 18:14:52 TRACE root:183 - WITHDRAW FOR E E ACCOUNT#: 0 IN THE AMOUNT OF: 40.0 CURRENT BALANCE: 60.0
2017-03-07 18:15:20 TRACE root:255 - FIRST NAME CHANGE FOR E E to ETHAN
2017-03-07 18:15:29 TRACE root:267 - LAST NAME CHANGE FOR ETHAN E to EGAR
2017-03-07 18:15:41 TRACE root:278 - EMAIL ADDRESS CHANGE FOR ETHAN EGAR to TEST
2017-03-07 18:23:05 TRACE root:255 - FIRST NAME CHANGE FOR ETHAN EGAR to ETHAN
2017-03-07 18:30:16 TRACE root:105 - NEW SERVICE CREATED FOR R R
2017-03-07 18:35:15 TRACE root:158 - NEW ACCOUNT CREATED FOR B BACCOUNT#: 59950757
